# JRE version: Java(TM) SE Runtime Environment (8.0_131-b11) (build 1.8.0_131-b11)
# Java VM: Java HotSpot(TM) 64-Bit Server VM (25.131-b11 mixed mode windows-amd64 compressed oops)
Heap:
 PSYoungGen      total 13824K, used 7168K [0x00000000fec00000, 0x0000000100000000, 0x0000000100000000)
  eden space 7168K, 100% used [0x00000000fec00000,0x00000000ff300000,0x00000000ff300000)
  from space 6656K, 0% used [0x00000000ff300000,0x00000000ff300000,0x00000000ff980000)
  to   space 6656K, 0% used [0x00000000ff980000,0x00000000ff980000,0x0000000100000000)
 ParOldGen       total 40960K, used 40905K [0x00000000fc400000, 0x00000000fec00000, 0x00000000fec00000)
  object space 40960K, 99% used [0x00000000fc400000,0x00000000febf27e0,0x00000000fec00000)
 Metaspace       used 81794K, capacity 85236K, committed 85376K, reserved 1124352K
  class space    used 10523K, capacity 11063K, committed 11136K, reserved 1048576K
GC Heap History (10 events):
Event: 204.064 GC heap before
{Heap before GC invocations=1306 (full 1093):
 PSYoungGen      total 13824K, used 7168K [0x00000000fec00000, 0x0000000100000000, 0x0000000100000000)
  eden space 7168K, 100% used [0x00000000fec00000,0x00000000ff300000,0x00000000ff300000)
  from space 6656K, 0% used [0x00000000ff300000,0x00000000ff300000,0x00000000ff980000)
  to   space 6656K, 0% used [0x00000000ff980000,0x00000000ff980000,0x0000000100000000)
 ParOldGen       total 40960K, used 40906K [0x00000000fc400000, 0x00000000fec00000, 0x00000000fec00000)
  object space 40960K, 99% used [0x00000000fc400000,0x00000000febf2948,0x00000000fec00000)
 Metaspace       used 81794K, capacity 85236K, committed 85376K, reserved 1124352K
  class space    used 10523K, capacity 11063K, committed 11136K, reserved 1048576K
Event: 204.186 GC heap after
Heap after GC invocations=1306 (full 1093):
 PSYoungGen      total 13824K, used 7120K [0x00000000fec00000, 0x0000000100000000, 0x0000000100000000)
  eden space 7168K, 99% used [0x00000000fec00000,0x00000000ff2f42e8,0x00000000ff300000)
  from space 6656K, 0% used [0x00000000ff300000,0x00000000ff300000,0x00000000ff980000)
  to   space 6656K, 0% used [0x00000000ff980000,0x00000000ff980000,0x0000000100000000)
 ParOldGen       total 40960K, used 40906K [0x00000000fc400000, 0x00000000fec00000, 0x00000000fec00000)
  object space 40960K, 99% used [0x00000000fc400000,0x00000000febf2948,0x00000000fec00000)
 Metaspace       used 81794K, capacity 85236K, committed 85376K, reserved 1124352K
  class space    used 10523K, capacity 11063K, committed 11136K, reserved 1048576K
}
Event: 204.187 GC heap before
{Heap before GC invocations=1307 (full 1094):
 PSYoungGen      total 13824K, used 7168K [0x00000000fec00000, 0x0000000100000000, 0x0000000100000000)
  eden space 7168K, 100% used [0x00000000fec00000,0x00000000ff300000,0x00000000ff300000)
  from space 6656K, 0% used [0x00000000ff300000,0x00000000ff300000,0x00000000ff980000)
  to   space 6656K, 0% used [0x00000000ff980000,0x00000000ff980000,0x0000000100000000)
 ParOldGen       total 40960K, used 40906K [0x00000000fc400000, 0x00000000fec00000, 0x00000000fec00000)
  object space 40960K, 99% used [0x00000000fc400000,0x00000000febf2948,0x00000000fec00000)
 Metaspace       used 81794K, capacity 85236K, committed 85376K, reserved 1124352K
  class space    used 10523K, capacity 11063K, committed 11136K, reserved 1048576K
Event: 204.368 GC heap after
Heap after GC invocations=1307 (full 1094):
 PSYoungGen      total 13824K, used 7114K [0x00000000fec00000, 0x0000000100000000, 0x0000000100000000)
  eden space 7168K, 99% used [0x00000000fec00000,0x00000000ff2f2948,0x00000000ff300000)
  from space 6656K, 0% used [0x00000000ff300000,0x00000000ff300000,0x00000000ff980000)
  to   space 6656K, 0% used [0x00000000ff980000,0x00000000ff980000,0x0000000100000000)
 ParOldGen       total 40960K, used 40905K [0x00000000fc400000, 0x00000000fec00000, 0x00000000fec00000)
  object space 40960K, 99% used [0x00000000fc400000,0x00000000febf27e0,0x00000000fec00000)
 Metaspace       used 81794K, capacity 85236K, committed 85376K, reserved 1124352K
  class space    used 10523K, capacity 11063K, committed 11136K, reserved 1048576K
}
Event: 204.369 GC heap before
{Heap before GC invocations=1308 (full 1095):
 PSYoungGen      total 13824K, used 7168K [0x00000000fec00000, 0x0000000100000000, 0x0000000100000000)
  eden space 7168K, 100% used [0x00000000fec00000,0x00000000ff300000,0x00000000ff300000)
  from space 6656K, 0% used [0x00000000ff300000,0x00000000ff300000,0x00000000ff980000)
  to   space 6656K, 0% used [0x00000000ff980000,0x00000000ff980000,0x0000000100000000)
 ParOldGen       total 40960K, used 40905K [0x00000000fc400000, 0x00000000fec00000, 0x00000000fec00000)
  object space 40960K, 99% used [0x00000000fc400000,0x00000000febf27e0,0x00000000fec00000)
 Metaspace       used 81794K, capacity 85236K, committed 85376K, reserved 1124352K
  class space    used 10523K, capacity 11063K, committed 11136K, reserved 1048576K
Event: 204.493 GC heap after
Heap after GC invocations=1308 (full 1095):
 PSYoungGen      total 13824K, used 7122K [0x00000000fec00000, 0x0000000100000000, 0x0000000100000000)
  eden space 7168K, 99% used [0x00000000fec00000,0x00000000ff2f49d8,0x00000000ff300000)
  from space 6656K, 0% used [0x00000000ff300000,0x00000000ff300000,0x00000000ff980000)
  to   space 6656K, 0% used [0x00000000ff980000,0x00000000ff980000,0x0000000100000000)
 ParOldGen       total 40960K, used 40905K [0x00000000fc400000, 0x00000000fec00000, 0x00000000fec00000)
  object space 40960K, 99% used [0x00000000fc400000,0x00000000febf27e0,0x00000000fec00000)
 Metaspace       used 81794K, capacity 85236K, committed 85376K, reserved 1124352K
  class space    used 10523K, capacity 11063K, committed 11136K, reserved 1048576K
}
Event: 204.494 GC heap before
{Heap before GC invocations=1309 (full 1096):
 PSYoungGen      total 13824K, used 7168K [0x00000000fec00000, 0x0000000100000000, 0x0000000100000000)
  eden space 7168K, 100% used [0x00000000fec00000,0x00000000ff300000,0x00000000ff300000)
  from space 6656K, 0% used [0x00000000ff300000,0x00000000ff300000,0x00000000ff980000)
  to   space 6656K, 0% used [0x00000000ff980000,0x00000000ff980000,0x0000000100000000)
 ParOldGen       total 40960K, used 40905K [0x00000000fc400000, 0x00000000fec00000, 0x00000000fec00000)
  object space 40960K, 99% used [0x00000000fc400000,0x00000000febf27e0,0x00000000fec00000)
 Metaspace       used 81794K, capacity 85236K, committed 85376K, reserved 1124352K
  class space    used 10523K, capacity 11063K, committed 11136K, reserved 1048576K
Event: 204.627 GC heap after
Heap after GC invocations=1309 (full 1096):
 PSYoungGen      total 13824K, used 7124K [0x00000000fec00000, 0x0000000100000000, 0x0000000100000000)
  eden space 7168K, 99% used [0x00000000fec00000,0x00000000ff2f5390,0x00000000ff300000)
  from space 6656K, 0% used [0x00000000ff300000,0x00000000ff300000,0x00000000ff980000)
  to   space 6656K, 0% used [0x00000000ff980000,0x00000000ff980000,0x0000000100000000)
 ParOldGen       total 40960K, used 40905K [0x00000000fc400000, 0x00000000fec00000, 0x00000000fec00000)
  object space 40960K, 99% used [0x00000000fc400000,0x00000000febf27e0,0x00000000fec00000)
 Metaspace       used 81794K, capacity 85236K, committed 85376K, reserved 1124352K
  class space    used 10523K, capacity 11063K, committed 11136K, reserved 1048576K
}
Event: 204.628 GC heap before
{Heap before GC invocations=1310 (full 1097):
 PSYoungGen      total 13824K, used 7168K [0x00000000fec00000, 0x0000000100000000, 0x0000000100000000)
  eden space 7168K, 100% used [0x00000000fec00000,0x00000000ff300000,0x00000000ff300000)
  from space 6656K, 0% used [0x00000000ff300000,0x00000000ff300000,0x00000000ff980000)
  to   space 6656K, 0% used [0x00000000ff980000,0x00000000ff980000,0x0000000100000000)
 ParOldGen       total 40960K, used 40905K [0x00000000fc400000, 0x00000000fec00000, 0x00000000fec00000)
  object space 40960K, 99% used [0x00000000fc400000,0x00000000febf27e0,0x00000000fec00000)
 Metaspace       used 81794K, capacity 85236K, committed 85376K, reserved 1124352K
  class space    used 10523K, capacity 11063K, committed 11136K, reserved 1048576K
Event: 204.777 GC heap after
Heap after GC invocations=1310 (full 1097):
 PSYoungGen      total 13824K, used 7129K [0x00000000fec00000, 0x0000000100000000, 0x0000000100000000)
  eden space 7168K, 99% used [0x00000000fec00000,0x00000000ff2f6500,0x00000000ff300000)
  from space 6656K, 0% used [0x00000000ff300000,0x00000000ff300000,0x00000000ff980000)
  to   space 6656K, 0% used [0x00000000ff980000,0x00000000ff980000,0x0000000100000000)
 ParOldGen       total 40960K, used 40905K [0x00000000fc400000, 0x00000000fec00000, 0x00000000fec00000)
  object space 40960K, 99% used [0x00000000fc400000,0x00000000febf27e0,0x00000000fec00000)
 Metaspace       used 81794K, capacity 85236K, committed 85376K, reserved 1124352K
  class space    used 10523K, capacity 11063K, committed 11136K, reserved 1048576K
}

