# JRE version: Java(TM) SE Runtime Environment (8.0_131-b11) (build 1.8.0_131-b11)
# Java VM: Java HotSpot(TM) 64-Bit Server VM (25.131-b11 mixed mode windows-amd64 compressed oops)
Heap:
 PSYoungGen      total 322560K, used 298605K [0x00000000d5e00000, 0x00000000ec700000, 0x0000000100000000)
  eden space 309248K, 92% used [0x00000000d5e00000,0x00000000e751ab30,0x00000000e8c00000)
  from space 13312K, 96% used [0x00000000eba00000,0x00000000ec680ba0,0x00000000ec700000)
  to   space 15872K, 0% used [0x00000000ea800000,0x00000000ea800000,0x00000000eb780000)
 ParOldGen       total 57856K, used 16453K [0x0000000081a00000, 0x0000000085280000, 0x00000000d5e00000)
  object space 57856K, 28% used [0x0000000081a00000,0x0000000082a11788,0x0000000085280000)
 Metaspace       used 45558K, capacity 47512K, committed 47744K, reserved 1091584K
  class space    used 5876K, capacity 6232K, committed 6272K, reserved 1048576K
GC Heap History (10 events):
Event: 9.011 GC heap before
{Heap before GC invocations=6 (full 1):
 PSYoungGen      total 138240K, used 133120K [0x00000000d5e00000, 0x00000000dea00000, 0x0000000100000000)
  eden space 133120K, 100% used [0x00000000d5e00000,0x00000000de000000,0x00000000de000000)
  from space 5120K, 0% used [0x00000000de500000,0x00000000de500000,0x00000000dea00000)
  to   space 5120K, 0% used [0x00000000de000000,0x00000000de000000,0x00000000de500000)
 ParOldGen       total 57856K, used 8870K [0x0000000081a00000, 0x0000000085280000, 0x00000000d5e00000)
  object space 57856K, 15% used [0x0000000081a00000,0x00000000822a9880,0x0000000085280000)
 Metaspace       used 27468K, capacity 28388K, committed 28544K, reserved 1075200K
  class space    used 3461K, capacity 3660K, committed 3712K, reserved 1048576K
Event: 9.026 GC heap after
Heap after GC invocations=6 (full 1):
 PSYoungGen      total 138240K, used 5108K [0x00000000d5e00000, 0x00000000e4700000, 0x0000000100000000)
  eden space 133120K, 0% used [0x00000000d5e00000,0x00000000d5e00000,0x00000000de000000)
  from space 5120K, 99% used [0x00000000de000000,0x00000000de4fd2d8,0x00000000de500000)
  to   space 10752K, 0% used [0x00000000e3c80000,0x00000000e3c80000,0x00000000e4700000)
 ParOldGen       total 57856K, used 11490K [0x0000000081a00000, 0x0000000085280000, 0x00000000d5e00000)
  object space 57856K, 19% used [0x0000000081a00000,0x0000000082538958,0x0000000085280000)
 Metaspace       used 27468K, capacity 28388K, committed 28544K, reserved 1075200K
  class space    used 3461K, capacity 3660K, committed 3712K, reserved 1048576K
}
Event: 11.250 GC heap before
{Heap before GC invocations=7 (full 1):
 PSYoungGen      total 138240K, used 138228K [0x00000000d5e00000, 0x00000000e4700000, 0x0000000100000000)
  eden space 133120K, 100% used [0x00000000d5e00000,0x00000000de000000,0x00000000de000000)
  from space 5120K, 99% used [0x00000000de000000,0x00000000de4fd2d8,0x00000000de500000)
  to   space 10752K, 0% used [0x00000000e3c80000,0x00000000e3c80000,0x00000000e4700000)
 ParOldGen       total 57856K, used 11490K [0x0000000081a00000, 0x0000000085280000, 0x00000000d5e00000)
  object space 57856K, 19% used [0x0000000081a00000,0x0000000082538958,0x0000000085280000)
 Metaspace       used 29888K, capacity 30898K, committed 31232K, reserved 1077248K
  class space    used 3793K, capacity 4011K, committed 4096K, reserved 1048576K
Event: 11.276 GC heap after
Heap after GC invocations=7 (full 1):
 PSYoungGen      total 225792K, used 10434K [0x00000000d5e00000, 0x00000000e4800000, 0x0000000100000000)
  eden space 215040K, 0% used [0x00000000d5e00000,0x00000000d5e00000,0x00000000e3000000)
  from space 10752K, 97% used [0x00000000e3c80000,0x00000000e46b0868,0x00000000e4700000)
  to   space 12288K, 0% used [0x00000000e3000000,0x00000000e3000000,0x00000000e3c00000)
 ParOldGen       total 57856K, used 11498K [0x0000000081a00000, 0x0000000085280000, 0x00000000d5e00000)
  object space 57856K, 19% used [0x0000000081a00000,0x000000008253a958,0x0000000085280000)
 Metaspace       used 29888K, capacity 30898K, committed 31232K, reserved 1077248K
  class space    used 3793K, capacity 4011K, committed 4096K, reserved 1048576K
}
Event: 14.785 GC heap before
{Heap before GC invocations=8 (full 1):
 PSYoungGen      total 225792K, used 122577K [0x00000000d5e00000, 0x00000000e4800000, 0x0000000100000000)
  eden space 215040K, 52% used [0x00000000d5e00000,0x00000000dcb83c28,0x00000000e3000000)
  from space 10752K, 97% used [0x00000000e3c80000,0x00000000e46b0868,0x00000000e4700000)
  to   space 12288K, 0% used [0x00000000e3000000,0x00000000e3000000,0x00000000e3c00000)
 ParOldGen       total 57856K, used 11498K [0x0000000081a00000, 0x0000000085280000, 0x00000000d5e00000)
  object space 57856K, 19% used [0x0000000081a00000,0x000000008253a958,0x0000000085280000)
 Metaspace       used 34227K, capacity 35266K, committed 35416K, reserved 1081344K
  class space    used 4286K, capacity 4509K, committed 4608K, reserved 1048576K
Event: 14.816 GC heap after
Heap after GC invocations=8 (full 1):
 PSYoungGen      total 227328K, used 12258K [0x00000000d5e00000, 0x00000000ec800000, 0x0000000100000000)
  eden space 215040K, 0% used [0x00000000d5e00000,0x00000000d5e00000,0x00000000e3000000)
  from space 12288K, 99% used [0x00000000e3000000,0x00000000e3bf8978,0x00000000e3c00000)
  to   space 14336K, 0% used [0x00000000eba00000,0x00000000eba00000,0x00000000ec800000)
 ParOldGen       total 57856K, used 11527K [0x0000000081a00000, 0x0000000085280000, 0x00000000d5e00000)
  object space 57856K, 19% used [0x0000000081a00000,0x0000000082541e30,0x0000000085280000)
 Metaspace       used 34227K, capacity 35266K, committed 35416K, reserved 1081344K
  class space    used 4286K, capacity 4509K, committed 4608K, reserved 1048576K
}
Event: 14.816 GC heap before
{Heap before GC invocations=9 (full 2):
 PSYoungGen      total 227328K, used 12258K [0x00000000d5e00000, 0x00000000ec800000, 0x0000000100000000)
  eden space 215040K, 0% used [0x00000000d5e00000,0x00000000d5e00000,0x00000000e3000000)
  from space 12288K, 99% used [0x00000000e3000000,0x00000000e3bf8978,0x00000000e3c00000)
  to   space 14336K, 0% used [0x00000000eba00000,0x00000000eba00000,0x00000000ec800000)
 ParOldGen       total 57856K, used 11527K [0x0000000081a00000, 0x0000000085280000, 0x00000000d5e00000)
  object space 57856K, 19% used [0x0000000081a00000,0x0000000082541e30,0x0000000085280000)
 Metaspace       used 34227K, capacity 35266K, committed 35416K, reserved 1081344K
  class space    used 4286K, capacity 4509K, committed 4608K, reserved 1048576K
Event: 14.971 GC heap after
Heap after GC invocations=9 (full 2):
 PSYoungGen      total 227328K, used 0K [0x00000000d5e00000, 0x00000000ec800000, 0x0000000100000000)
  eden space 215040K, 0% used [0x00000000d5e00000,0x00000000d5e00000,0x00000000e3000000)
  from space 12288K, 0% used [0x00000000e3000000,0x00000000e3000000,0x00000000e3c00000)
  to   space 14336K, 0% used [0x00000000eba00000,0x00000000eba00000,0x00000000ec800000)
 ParOldGen       total 57856K, used 16445K [0x0000000081a00000, 0x0000000085280000, 0x00000000d5e00000)
  object space 57856K, 28% used [0x0000000081a00000,0x0000000082a0f788,0x0000000085280000)
 Metaspace       used 34227K, capacity 35266K, committed 35416K, reserved 1081344K
  class space    used 4286K, capacity 4509K, committed 4608K, reserved 1048576K
}
Event: 19.682 GC heap before
{Heap before GC invocations=10 (full 2):
 PSYoungGen      total 227328K, used 215040K [0x00000000d5e00000, 0x00000000ec800000, 0x0000000100000000)
  eden space 215040K, 100% used [0x00000000d5e00000,0x00000000e3000000,0x00000000e3000000)
  from space 12288K, 0% used [0x00000000e3000000,0x00000000e3000000,0x00000000e3c00000)
  to   space 14336K, 0% used [0x00000000eba00000,0x00000000eba00000,0x00000000ec800000)
 ParOldGen       total 57856K, used 16445K [0x0000000081a00000, 0x0000000085280000, 0x00000000d5e00000)
  object space 57856K, 28% used [0x0000000081a00000,0x0000000082a0f788,0x0000000085280000)
 Metaspace       used 40742K, capacity 42440K, committed 42624K, reserved 1087488K
  class space    used 5151K, capacity 5476K, committed 5504K, reserved 1048576K
Event: 19.701 GC heap after
Heap after GC invocations=10 (full 2):
 PSYoungGen      total 322560K, used 12802K [0x00000000d5e00000, 0x00000000ec700000, 0x0000000100000000)
  eden space 309248K, 0% used [0x00000000d5e00000,0x00000000d5e00000,0x00000000e8c00000)
  from space 13312K, 96% used [0x00000000eba00000,0x00000000ec680ba0,0x00000000ec700000)
  to   space 15872K, 0% used [0x00000000ea800000,0x00000000ea800000,0x00000000eb780000)
 ParOldGen       total 57856K, used 16453K [0x0000000081a00000, 0x0000000085280000, 0x00000000d5e00000)
  object space 57856K, 28% used [0x0000000081a00000,0x0000000082a11788,0x0000000085280000)
 Metaspace       used 40742K, capacity 42440K, committed 42624K, reserved 1087488K
  class space    used 5151K, capacity 5476K, committed 5504K, reserved 1048576K
}

