# JRE version: Java(TM) SE Runtime Environment (8.0_131-b11) (build 1.8.0_131-b11)
# Java VM: Java HotSpot(TM) 64-Bit Server VM (25.131-b11 mixed mode windows-amd64 compressed oops)
Heap:
 PSYoungGen      total 12288K, used 8192K [0x00000000fec00000, 0x0000000100000000, 0x0000000100000000)
  eden space 8192K, 100% used [0x00000000fec00000,0x00000000ff400000,0x00000000ff400000)
  from space 4096K, 0% used [0x00000000ffc00000,0x00000000ffc00000,0x0000000100000000)
  to   space 6144K, 0% used [0x00000000ff400000,0x00000000ff400000,0x00000000ffa00000)
 ParOldGen       total 40960K, used 40944K [0x00000000fc400000, 0x00000000fec00000, 0x00000000fec00000)
  object space 40960K, 99% used [0x00000000fc400000,0x00000000febfc290,0x00000000fec00000)
 Metaspace       used 71942K, capacity 75206K, committed 75520K, reserved 1116160K
  class space    used 9103K, capacity 9636K, committed 9728K, reserved 1048576K
GC Heap History (10 events):
Event: 191.428 GC heap before
{Heap before GC invocations=767 (full 620):
 PSYoungGen      total 12288K, used 8192K [0x00000000fec00000, 0x0000000100000000, 0x0000000100000000)
  eden space 8192K, 100% used [0x00000000fec00000,0x00000000ff400000,0x00000000ff400000)
  from space 4096K, 0% used [0x00000000ffc00000,0x00000000ffc00000,0x0000000100000000)
  to   space 6144K, 0% used [0x00000000ff400000,0x00000000ff400000,0x00000000ffa00000)
 ParOldGen       total 40960K, used 40959K [0x00000000fc400000, 0x00000000fec00000, 0x00000000fec00000)
  object space 40960K, 99% used [0x00000000fc400000,0x00000000febfffc0,0x00000000fec00000)
 Metaspace       used 71939K, capacity 75206K, committed 75520K, reserved 1116160K
  class space    used 9103K, capacity 9636K, committed 9728K, reserved 1048576K
Event: 191.651 GC heap after
Heap after GC invocations=767 (full 620):
 PSYoungGen      total 12288K, used 8191K [0x00000000fec00000, 0x0000000100000000, 0x0000000100000000)
  eden space 8192K, 99% used [0x00000000fec00000,0x00000000ff3ffff0,0x00000000ff400000)
  from space 4096K, 0% used [0x00000000ffc00000,0x00000000ffc00000,0x0000000100000000)
  to   space 6144K, 0% used [0x00000000ff400000,0x00000000ff400000,0x00000000ffa00000)
 ParOldGen       total 40960K, used 40959K [0x00000000fc400000, 0x00000000fec00000, 0x00000000fec00000)
  object space 40960K, 99% used [0x00000000fc400000,0x00000000febffe48,0x00000000fec00000)
 Metaspace       used 71939K, capacity 75206K, committed 75520K, reserved 1116160K
  class space    used 9103K, capacity 9636K, committed 9728K, reserved 1048576K
}
Event: 191.651 GC heap before
{Heap before GC invocations=768 (full 621):
 PSYoungGen      total 12288K, used 8191K [0x00000000fec00000, 0x0000000100000000, 0x0000000100000000)
  eden space 8192K, 99% used [0x00000000fec00000,0x00000000ff3ffff0,0x00000000ff400000)
  from space 4096K, 0% used [0x00000000ffc00000,0x00000000ffc00000,0x0000000100000000)
  to   space 6144K, 0% used [0x00000000ff400000,0x00000000ff400000,0x00000000ffa00000)
 ParOldGen       total 40960K, used 40959K [0x00000000fc400000, 0x00000000fec00000, 0x00000000fec00000)
  object space 40960K, 99% used [0x00000000fc400000,0x00000000febfffb8,0x00000000fec00000)
 Metaspace       used 71939K, capacity 75206K, committed 75520K, reserved 1116160K
  class space    used 9103K, capacity 9636K, committed 9728K, reserved 1048576K
Event: 191.864 GC heap after
Heap after GC invocations=768 (full 621):
 PSYoungGen      total 12288K, used 8191K [0x00000000fec00000, 0x0000000100000000, 0x0000000100000000)
  eden space 8192K, 99% used [0x00000000fec00000,0x00000000ff3ffff0,0x00000000ff400000)
  from space 4096K, 0% used [0x00000000ffc00000,0x00000000ffc00000,0x0000000100000000)
  to   space 6144K, 0% used [0x00000000ff400000,0x00000000ff400000,0x00000000ffa00000)
 ParOldGen       total 40960K, used 40959K [0x00000000fc400000, 0x00000000fec00000, 0x00000000fec00000)
  object space 40960K, 99% used [0x00000000fc400000,0x00000000febfffb8,0x00000000fec00000)
 Metaspace       used 71939K, capacity 75206K, committed 75520K, reserved 1116160K
  class space    used 9103K, capacity 9636K, committed 9728K, reserved 1048576K
}
Event: 191.864 GC heap before
{Heap before GC invocations=769 (full 622):
 PSYoungGen      total 12288K, used 8191K [0x00000000fec00000, 0x0000000100000000, 0x0000000100000000)
  eden space 8192K, 99% used [0x00000000fec00000,0x00000000ff3ffff0,0x00000000ff400000)
  from space 4096K, 0% used [0x00000000ffc00000,0x00000000ffc00000,0x0000000100000000)
  to   space 6144K, 0% used [0x00000000ff400000,0x00000000ff400000,0x00000000ffa00000)
 ParOldGen       total 40960K, used 40959K [0x00000000fc400000, 0x00000000fec00000, 0x00000000fec00000)
  object space 40960K, 99% used [0x00000000fc400000,0x00000000febfffb8,0x00000000fec00000)
 Metaspace       used 71939K, capacity 75206K, committed 75520K, reserved 1116160K
  class space    used 9103K, capacity 9636K, committed 9728K, reserved 1048576K
Event: 192.106 GC heap after
Heap after GC invocations=769 (full 622):
 PSYoungGen      total 12288K, used 8191K [0x00000000fec00000, 0x0000000100000000, 0x0000000100000000)
  eden space 8192K, 99% used [0x00000000fec00000,0x00000000ff3ffff0,0x00000000ff400000)
  from space 4096K, 0% used [0x00000000ffc00000,0x00000000ffc00000,0x0000000100000000)
  to   space 6144K, 0% used [0x00000000ff400000,0x00000000ff400000,0x00000000ffa00000)
 ParOldGen       total 40960K, used 40959K [0x00000000fc400000, 0x00000000fec00000, 0x00000000fec00000)
  object space 40960K, 99% used [0x00000000fc400000,0x00000000febfffb8,0x00000000fec00000)
 Metaspace       used 71939K, capacity 75206K, committed 75520K, reserved 1116160K
  class space    used 9103K, capacity 9636K, committed 9728K, reserved 1048576K
}
Event: 192.107 GC heap before
{Heap before GC invocations=770 (full 623):
 PSYoungGen      total 12288K, used 8191K [0x00000000fec00000, 0x0000000100000000, 0x0000000100000000)
  eden space 8192K, 99% used [0x00000000fec00000,0x00000000ff3ffff0,0x00000000ff400000)
  from space 4096K, 0% used [0x00000000ffc00000,0x00000000ffc00000,0x0000000100000000)
  to   space 6144K, 0% used [0x00000000ff400000,0x00000000ff400000,0x00000000ffa00000)
 ParOldGen       total 40960K, used 40959K [0x00000000fc400000, 0x00000000fec00000, 0x00000000fec00000)
  object space 40960K, 99% used [0x00000000fc400000,0x00000000febfffb8,0x00000000fec00000)
 Metaspace       used 71941K, capacity 75206K, committed 75520K, reserved 1116160K
  class space    used 9103K, capacity 9636K, committed 9728K, reserved 1048576K
Event: 192.403 GC heap after
Heap after GC invocations=770 (full 623):
 PSYoungGen      total 12288K, used 8191K [0x00000000fec00000, 0x0000000100000000, 0x0000000100000000)
  eden space 8192K, 99% used [0x00000000fec00000,0x00000000ff3ffff0,0x00000000ff400000)
  from space 4096K, 0% used [0x00000000ffc00000,0x00000000ffc00000,0x0000000100000000)
  to   space 6144K, 0% used [0x00000000ff400000,0x00000000ff400000,0x00000000ffa00000)
 ParOldGen       total 40960K, used 40957K [0x00000000fc400000, 0x00000000fec00000, 0x00000000fec00000)
  object space 40960K, 99% used [0x00000000fc400000,0x00000000febff6e8,0x00000000fec00000)
 Metaspace       used 71941K, capacity 75206K, committed 75520K, reserved 1116160K
  class space    used 9103K, capacity 9636K, committed 9728K, reserved 1048576K
}
Event: 192.474 GC heap before
{Heap before GC invocations=771 (full 624):
 PSYoungGen      total 12288K, used 8192K [0x00000000fec00000, 0x0000000100000000, 0x0000000100000000)
  eden space 8192K, 100% used [0x00000000fec00000,0x00000000ff400000,0x00000000ff400000)
  from space 4096K, 0% used [0x00000000ffc00000,0x00000000ffc00000,0x0000000100000000)
  to   space 6144K, 0% used [0x00000000ff400000,0x00000000ff400000,0x00000000ffa00000)
 ParOldGen       total 40960K, used 40959K [0x00000000fc400000, 0x00000000fec00000, 0x00000000fec00000)
  object space 40960K, 99% used [0x00000000fc400000,0x00000000febffea8,0x00000000fec00000)
 Metaspace       used 71942K, capacity 75206K, committed 75520K, reserved 1116160K
  class space    used 9103K, capacity 9636K, committed 9728K, reserved 1048576K
Event: 193.003 GC heap after
Heap after GC invocations=771 (full 624):
 PSYoungGen      total 12288K, used 8192K [0x00000000fec00000, 0x0000000100000000, 0x0000000100000000)
  eden space 8192K, 100% used [0x00000000fec00000,0x00000000ff400000,0x00000000ff400000)
  from space 4096K, 0% used [0x00000000ffc00000,0x00000000ffc00000,0x0000000100000000)
  to   space 6144K, 0% used [0x00000000ff400000,0x00000000ff400000,0x00000000ffa00000)
 ParOldGen       total 40960K, used 40940K [0x00000000fc400000, 0x00000000fec00000, 0x00000000fec00000)
  object space 40960K, 99% used [0x00000000fc400000,0x00000000febfb2c8,0x00000000fec00000)
 Metaspace       used 71942K, capacity 75206K, committed 75520K, reserved 1116160K
  class space    used 9103K, capacity 9636K, committed 9728K, reserved 1048576K
}

